<?xml version="1.0" encoding="UTF-8" ?>
<testsuite failures="0" time="6.422" errors="0" skipped="9" tests="93" name="cognitivabrasil.obaa.ImportsTest">
  <properties>
[...]
</properties>
  <testcase time="0.008" classname="cognitivabrasil.obaa.CreateTest" name="toXmlGeneral"/>
  <testcase time="0.005" classname="cognitivabrasil.obaa.CreateTest" name="toXmlAnnotation"/>
  <testcase time="0.006" classname="cognitivabrasil.obaa.CreateTest" name="toXmlClassification"/>
  <testcase time="0.015" classname="cognitivabrasil.obaa.CreateTest" name="toXmlEducational"/>
  <testcase time="0.005" classname="cognitivabrasil.obaa.CreateTest" name="toXmlMetametadata"/>
  <testcase time="0.006" classname="cognitivabrasil.obaa.CreateTest" name="toXmlRelation"/>
  <testcase time="0.021" classname="cognitivabrasil.obaa.CreateTest" name="contribute"/>
  <testcase time="0" classname="cognitivabrasil.obaa.CreateTest" name="translation"/>
  <testcase time="0.001" classname="cognitivabrasil.obaa.CreateTest" name="toXmlAccessibility"/>
  <testcase time="0.271" classname="cognitivabrasil.obaa.ObaaI18NTest" name="testTranslation"/>
  <testcase time="0.164" classname="cognitivabrasil.obaa.ObaaI18NTest" name="testStandard"/>
  <testcase time="0.003" classname="cognitivabrasil.obaa.ObaaI18NTest" name="testOrderTerms"/>
  <testcase time="0.22" classname="cognitivabrasil.obaa.ObaaI18NTest" name="testTranslationCollection"/>
  <testcase time="0.001" classname="cognitivabrasil.obaa.ObaaI18NTest" name="testDifficult"/>
  <testcase time="0.119" classname="cognitivabrasil.obaa.OaiOBAATest" name="getSize"/>
  <testcase time="0.121" classname="cognitivabrasil.obaa.OaiOBAATest" name="testObaaFromFile">
    <skipped/>
  </testcase>
  <testcase time="0.287" classname="cognitivabrasil.obaa.OBAATest" name="testTitle"/>
  <testcase time="0.355" classname="cognitivabrasil.obaa.OBAATest" name="testSerializationDeserialization"/>
  <testcase time="0.229" classname="cognitivabrasil.obaa.OBAATest" name="testTitleFromReader"/>
  <testcase time="0.226" classname="cognitivabrasil.obaa.OBAATest" name="testTitleFromString"/>
  <testcase time="0.221" classname="cognitivabrasil.obaa.OBAATest" name="testOBAA_General_AggregationLevel2"/>
  <testcase time="0.317" classname="cognitivabrasil.obaa.OBAATest" name="testOBAA_General_Coverages"/>
  <testcase time="0.164" classname="cognitivabrasil.obaa.OBAATest" name="testOBAA_General_Descriptions"/>
  <testcase time="0.137" classname="cognitivabrasil.obaa.OBAATest" name="testOBAAGeneralIdentifierCatalog"/>
  <testcase time="0.112" classname="cognitivabrasil.obaa.OBAATest" name="testOBAA_General_Identifier_Entry"/>
  <testcase time="0.115" classname="cognitivabrasil.obaa.OBAATest" name="testOBAA_General_Keywords"/>
  <testcase time="0.103" classname="cognitivabrasil.obaa.OBAATest" name="testOBAA_General_Language"/>
  <testcase time="0.105" classname="cognitivabrasil.obaa.OBAATest" name="testOBAA_General_Structure"/>
  <testcase time="0.106" classname="cognitivabrasil.obaa.OBAATest" name="testOaiOBAALifeCycleStatus">
    <skipped/>
  </testcase>
  <testcase time="0.109" classname="cognitivabrasil.obaa.OBAATest" name="testOaiOBAALifeCycleStatusException"/>
  <testcase time="0.106" classname="cognitivabrasil.obaa.OBAATest" name="testOBAALifeCycleVersion"/>
  <testcase time="0.091" classname="cognitivabrasil.obaa.OBAATest" name="testOaiOBAALifeCycleContributeEntity"/>
  <testcase time="0.087" classname="cognitivabrasil.obaa.OBAATest" name="testOBAA_LifeCycle_Contribute_Date"/>
  <testcase time="0.073" classname="cognitivabrasil.obaa.OBAATest" name="testOBAA_LifeCycle_Contribute_Role"/>
  <testcase time="0.093" classname="cognitivabrasil.obaa.OBAATest" name="testOBAA_LifeCycle_Contribute_RoleException"/>
  <testcase time="0.078" classname="cognitivabrasil.obaa.OBAATest" name="testOBAA_Rights_Cost"/>
  <testcase time="0.072" classname="cognitivabrasil.obaa.OBAATest" name="testOBAA_Rights_Copyright"/>
  <testcase time="0.083" classname="cognitivabrasil.obaa.OBAATest" name="testOBAA_Rights_Description"/>
  <testcase time="0.076" classname="cognitivabrasil.obaa.OBAATest" name="testOBAA_Educational_InteractivityType"/>
  <testcase time="0.208" classname="cognitivabrasil.obaa.OBAATest" name="testOBAA_Educational_InteractivityLevel"/>
  <testcase time="0.11" classname="cognitivabrasil.obaa.OBAATest" name="testOBAA_Educational_SemanticDensity"/>
  <testcase time="0.118" classname="cognitivabrasil.obaa.OBAATest" name="testOBAA_Educational_Difficulty"/>
  <testcase time="0.11" classname="cognitivabrasil.obaa.OBAATest" name="testOBAA_Educational_TypicalLearningTime"/>
  <testcase time="0.101" classname="cognitivabrasil.obaa.OBAATest" name="testOBAA_Educational_TypicalAgeRange"/>
  <testcase time="0.087" classname="cognitivabrasil.obaa.OBAATest" name="testOBAA_Educational_IntendedEndUserRoles_Role"/>
  <testcase time="0.051" classname="cognitivabrasil.obaa.OBAATest" name="testOBAA_Educational_LearningResourceTypes"/>
  <testcase time="0.038" classname="cognitivabrasil.obaa.OBAATest" name="testOBAA_Educational_Descriptions"/>
  <testcase time="0.036" classname="cognitivabrasil.obaa.OBAATest" name="testOBAA_Educational_Languages"/>
  <testcase time="0.036" classname="cognitivabrasil.obaa.OBAATest" name="testOBAA_Educational_Contexts"/>
  <testcase time="0.034" classname="cognitivabrasil.obaa.OBAATest" name="testOBAATechnicalLocation"/>
  <testcase time="0.034" classname="cognitivabrasil.obaa.OBAATest" name="testCreateLocation">
    <skipped/>
  </testcase>
  <testcase time="0.041" classname="cognitivabrasil.obaa.OBAATest" name="testRelation"/>
  <testcase time="0.039" classname="cognitivabrasil.obaa.OBAATest" name="supportedPlatformsTest"/>
  <testcase time="0.039" classname="cognitivabrasil.obaa.OBAATest" name="booleanElementTest">
    <skipped/>
  </testcase>
  <testcase time="0.04" classname="cognitivabrasil.obaa.OBAATest" name="booleanElementTranslationTest">
    <skipped/>
  </testcase>
  <testcase time="0.035" classname="cognitivabrasil.obaa.OBAATest" name="platformSpecificFeatureTest"/>
  <testcase time="0.033" classname="cognitivabrasil.obaa.OBAATest" name="taxonPathTest"/>
  <testcase time="0.031" classname="cognitivabrasil.obaa.OBAATest" name="accessibilityTest"/>
  <testcase time="0.032" classname="cognitivabrasil.obaa.OBAATest" name="simpleTest"/>
  <testcase time="0.048" classname="cognitivabrasil.obaa.OBAATest" name="testPlataformSpecificFeatures"/>
  <testcase time="0.033" classname="cognitivabrasil.obaa.OBAATest" name="testTwoIdentifiers"/>
  <testcase time="0.033" classname="cognitivabrasil.obaa.OBAATest" name="testSpaceBetween">
    <skipped/>
  </testcase>
  <testcase time="0.031" classname="cognitivabrasil.obaa.OBAATest" name="testTitles"/>
  <testcase time="0.033" classname="cognitivabrasil.obaa.OBAATest" name="testGeneral"/>
  <testcase time="0.031" classname="cognitivabrasil.obaa.OBAATest" name="testInteractivityLevel"/>
  <testcase time="0.031" classname="cognitivabrasil.obaa.OBAATest" name="testTypicalAgeRange"/>
  <testcase time="0.056" classname="cognitivabrasil.obaa.OBAATest" name="testStatus"/>
  <testcase time="0.041" classname="cognitivabrasil.obaa.OBAATest" name="testVersion"/>
  <testcase time="0.035" classname="cognitivabrasil.obaa.OBAATest" name="testSegmentInformationTable"/>
  <testcase time="0.039" classname="cognitivabrasil.obaa.OBAATest" name="testInteraction"/>
  <testcase time="0.04" classname="cognitivabrasil.obaa.OBAATest" name="generateTest">
    <skipped/>
  </testcase>
  <testcase time="0.041" classname="cognitivabrasil.obaa.OBAATest" name="generateEducationalTest"/>
  <testcase time="0.036" classname="cognitivabrasil.obaa.OBAATest" name="durationTest"/>
  <testcase time="0.048" classname="cognitivabrasil.obaa.OBAATest" name="testErrorTranslation"/>
  <testcase time="0.032" classname="cognitivabrasil.obaa.OBAATest" name="testEmptyEntityTag"/>
  <testcase time="0.031" classname="cognitivabrasil.obaa.OBAATest" name="froacErrorTest"/>
  <testcase time="0.032" classname="cognitivabrasil.obaa.OBAATest" name="cloneTest"/>
  <testcase time="0.027" classname="cognitivabrasil.obaa.OBAATest" name="transaltionTest"/>
  <testcase time="0.027" classname="cognitivabrasil.obaa.OBAATest" name="structureErrorTest"/>
  <testcase time="0.027" classname="cognitivabrasil.obaa.OBAATest" name="generateObaa">
    <skipped/>
  </testcase>
  <testcase time="0.063" classname="cognitivabrasil.obaa.OBAATest" name="generateSegmentInformationTable"/>
  <testcase time="0.028" classname="cognitivabrasil.obaa.OBAATest" name="setLocaleTest"/>
  <testcase time="0.028" classname="cognitivabrasil.obaa.OBAATest" name="orderMapTest"/>
  <testcase time="0.037" classname="cognitivabrasil.obaa.OBAATest" name="setAggregationLevelTest"/>
  <testcase time="0.035" classname="cognitivabrasil.obaa.OBAATest" name="rightsTest"/>
  <testcase time="0.029" classname="cognitivabrasil.obaa.OBAATest" name="formatNullTest"/>
  <testcase time="0.029" classname="cognitivabrasil.obaa.OBAATest" name="platformSpecificTest">
    <skipped/>
  </testcase>
  <testcase time="0.039" classname="cognitivabrasil.obaa.OBAATest" name="whoAmITest"/>
  <testcase time="0.029" classname="cognitivabrasil.obaa.OBAATest" name="validateTest"/>
  <testcase time="0.029" classname="cognitivabrasil.obaa.OBAATest" name="getFullNameTest"/>
  <testcase time="0.078" classname="cognitivabrasil.obaa.OBAATest" name="vCardGetNameTest"/>
  <testcase time="0.034" classname="cognitivabrasil.obaa.OBAATest" name="testVCard"/>
  <testcase time="0.03" classname="cognitivabrasil.obaa.OBAATest" name="testOBAA_Duration"/>
</testsuite>