<?xml version="1.0" encoding="UTF-8" ?>
<testsuite failures="0" time="1.78" errors="0" skipped="8" tests="77" name="cognitivabrasil.obaa.OBAATest">
  <properties>
[...]
</properties>
  <testcase time="0.033" classname="cognitivabrasil.obaa.OBAATest" name="testTitle"/>
  <testcase time="0.044" classname="cognitivabrasil.obaa.OBAATest" name="testSerializationDeserialization"/>
  <testcase time="0.035" classname="cognitivabrasil.obaa.OBAATest" name="testTitleFromReader"/>
  <testcase time="0.042" classname="cognitivabrasil.obaa.OBAATest" name="testTitleFromString"/>
  <testcase time="0.043" classname="cognitivabrasil.obaa.OBAATest" name="testOBAA_General_AggregationLevel2"/>
  <testcase time="0.075" classname="cognitivabrasil.obaa.OBAATest" name="testOBAA_General_Coverages"/>
  <testcase time="0.052" classname="cognitivabrasil.obaa.OBAATest" name="testOBAA_General_Descriptions"/>
  <testcase time="0.029" classname="cognitivabrasil.obaa.OBAATest" name="testOBAAGeneralIdentifierCatalog"/>
  <testcase time="0.028" classname="cognitivabrasil.obaa.OBAATest" name="testOBAA_General_Identifier_Entry"/>
  <testcase time="0.039" classname="cognitivabrasil.obaa.OBAATest" name="testOBAA_General_Keywords"/>
  <testcase time="0.022" classname="cognitivabrasil.obaa.OBAATest" name="testOBAA_General_Language"/>
  <testcase time="0.022" classname="cognitivabrasil.obaa.OBAATest" name="testOBAA_General_Structure"/>
  <testcase time="0.022" classname="cognitivabrasil.obaa.OBAATest" name="testOaiOBAALifeCycleStatus">
    <skipped/>
  </testcase>
  <testcase time="0.021" classname="cognitivabrasil.obaa.OBAATest" name="testOaiOBAALifeCycleStatusException"/>
  <testcase time="0.022" classname="cognitivabrasil.obaa.OBAATest" name="testOBAALifeCycleVersion"/>
  <testcase time="0.021" classname="cognitivabrasil.obaa.OBAATest" name="testOaiOBAALifeCycleContributeEntity"/>
  <testcase time="0.021" classname="cognitivabrasil.obaa.OBAATest" name="testOBAA_LifeCycle_Contribute_Date"/>
  <testcase time="0.021" classname="cognitivabrasil.obaa.OBAATest" name="testOBAA_LifeCycle_Contribute_Role"/>
  <testcase time="0.021" classname="cognitivabrasil.obaa.OBAATest" name="testOBAA_LifeCycle_Contribute_RoleException"/>
  <testcase time="0.021" classname="cognitivabrasil.obaa.OBAATest" name="testOBAA_Rights_Cost"/>
  <testcase time="0.021" classname="cognitivabrasil.obaa.OBAATest" name="testOBAA_Rights_Copyright"/>
  <testcase time="0.02" classname="cognitivabrasil.obaa.OBAATest" name="testOBAA_Rights_Description"/>
  <testcase time="0.021" classname="cognitivabrasil.obaa.OBAATest" name="testOBAA_Educational_InteractivityType"/>
  <testcase time="0.028" classname="cognitivabrasil.obaa.OBAATest" name="testOBAA_Educational_InteractivityLevel"/>
  <testcase time="0.021" classname="cognitivabrasil.obaa.OBAATest" name="testOBAA_Educational_SemanticDensity"/>
  <testcase time="0.021" classname="cognitivabrasil.obaa.OBAATest" name="testOBAA_Educational_Difficulty"/>
  <testcase time="0.021" classname="cognitivabrasil.obaa.OBAATest" name="testOBAA_Educational_TypicalLearningTime"/>
  <testcase time="0.021" classname="cognitivabrasil.obaa.OBAATest" name="testOBAA_Educational_TypicalAgeRange"/>
  <testcase time="0.024" classname="cognitivabrasil.obaa.OBAATest" name="testOBAA_Educational_IntendedEndUserRoles_Role"/>
  <testcase time="0.021" classname="cognitivabrasil.obaa.OBAATest" name="testOBAA_Educational_LearningResourceTypes"/>
  <testcase time="0.02" classname="cognitivabrasil.obaa.OBAATest" name="testOBAA_Educational_Descriptions"/>
  <testcase time="0.021" classname="cognitivabrasil.obaa.OBAATest" name="testOBAA_Educational_Languages"/>
  <testcase time="0.021" classname="cognitivabrasil.obaa.OBAATest" name="testOBAA_Educational_Contexts"/>
  <testcase time="0.021" classname="cognitivabrasil.obaa.OBAATest" name="testOBAATechnicalLocation"/>
  <testcase time="0.021" classname="cognitivabrasil.obaa.OBAATest" name="testCreateLocation">
    <skipped/>
  </testcase>
  <testcase time="0.021" classname="cognitivabrasil.obaa.OBAATest" name="testRelation"/>
  <testcase time="0.021" classname="cognitivabrasil.obaa.OBAATest" name="supportedPlatformsTest"/>
  <testcase time="0.021" classname="cognitivabrasil.obaa.OBAATest" name="booleanElementTest">
    <skipped/>
  </testcase>
  <testcase time="0.021" classname="cognitivabrasil.obaa.OBAATest" name="booleanElementTranslationTest">
    <skipped/>
  </testcase>
  <testcase time="0.023" classname="cognitivabrasil.obaa.OBAATest" name="platformSpecificFeatureTest"/>
  <testcase time="0.024" classname="cognitivabrasil.obaa.OBAATest" name="taxonPathTest"/>
  <testcase time="0.021" classname="cognitivabrasil.obaa.OBAATest" name="accessibilityTest"/>
  <testcase time="0.022" classname="cognitivabrasil.obaa.OBAATest" name="simpleTest"/>
  <testcase time="0.025" classname="cognitivabrasil.obaa.OBAATest" name="testPlataformSpecificFeatures"/>
  <testcase time="0.024" classname="cognitivabrasil.obaa.OBAATest" name="testTwoIdentifiers"/>
  <testcase time="0.024" classname="cognitivabrasil.obaa.OBAATest" name="testSpaceBetween">
    <skipped/>
  </testcase>
  <testcase time="0.022" classname="cognitivabrasil.obaa.OBAATest" name="testTitles"/>
  <testcase time="0.023" classname="cognitivabrasil.obaa.OBAATest" name="testGeneral"/>
  <testcase time="0.02" classname="cognitivabrasil.obaa.OBAATest" name="testInteractivityLevel"/>
  <testcase time="0.023" classname="cognitivabrasil.obaa.OBAATest" name="testTypicalAgeRange"/>
  <testcase time="0.021" classname="cognitivabrasil.obaa.OBAATest" name="testStatus"/>
  <testcase time="0.021" classname="cognitivabrasil.obaa.OBAATest" name="testVersion"/>
  <testcase time="0.021" classname="cognitivabrasil.obaa.OBAATest" name="testSegmentInformationTable"/>
  <testcase time="0.021" classname="cognitivabrasil.obaa.OBAATest" name="testInteraction"/>
  <testcase time="0.021" classname="cognitivabrasil.obaa.OBAATest" name="generateTest">
    <skipped/>
  </testcase>
  <testcase time="0.022" classname="cognitivabrasil.obaa.OBAATest" name="generateEducationalTest"/>
  <testcase time="0.021" classname="cognitivabrasil.obaa.OBAATest" name="durationTest"/>
  <testcase time="0.025" classname="cognitivabrasil.obaa.OBAATest" name="testErrorTranslation"/>
  <testcase time="0.026" classname="cognitivabrasil.obaa.OBAATest" name="testEmptyEntityTag"/>
  <testcase time="0.024" classname="cognitivabrasil.obaa.OBAATest" name="froacErrorTest"/>
  <testcase time="0.022" classname="cognitivabrasil.obaa.OBAATest" name="cloneTest"/>
  <testcase time="0.021" classname="cognitivabrasil.obaa.OBAATest" name="transaltionTest"/>
  <testcase time="0.021" classname="cognitivabrasil.obaa.OBAATest" name="structureErrorTest"/>
  <testcase time="0.021" classname="cognitivabrasil.obaa.OBAATest" name="generateObaa">
    <skipped/>
  </testcase>
  <testcase time="0.06" classname="cognitivabrasil.obaa.OBAATest" name="generateSegmentInformationTable"/>
  <testcase time="0.021" classname="cognitivabrasil.obaa.OBAATest" name="setLocaleTest"/>
  <testcase time="0.038" classname="cognitivabrasil.obaa.OBAATest" name="orderMapTest"/>
  <testcase time="0.023" classname="cognitivabrasil.obaa.OBAATest" name="setAggregationLevelTest"/>
  <testcase time="0.021" classname="cognitivabrasil.obaa.OBAATest" name="rightsTest"/>
  <testcase time="0.021" classname="cognitivabrasil.obaa.OBAATest" name="formatNullTest"/>
  <testcase time="0.021" classname="cognitivabrasil.obaa.OBAATest" name="platformSpecificTest">
    <skipped/>
  </testcase>
  <testcase time="0.021" classname="cognitivabrasil.obaa.OBAATest" name="whoAmITest"/>
  <testcase time="0.021" classname="cognitivabrasil.obaa.OBAATest" name="validateTest"/>
  <testcase time="0.021" classname="cognitivabrasil.obaa.OBAATest" name="getFullNameTest"/>
  <testcase time="0.021" classname="cognitivabrasil.obaa.OBAATest" name="vCardGetNameTest"/>
  <testcase time="0.021" classname="cognitivabrasil.obaa.OBAATest" name="testVCard"/>
  <testcase time="0.023" classname="cognitivabrasil.obaa.OBAATest" name="testOBAA_Duration"/>
</testsuite>